The system is: Darwin - 18.2.0 - x86_64
Compiling the C compiler identification source file "CMakeCCompilerId.c" succeeded.
Compiler: /usr/local/bin/gcc-8 
Build flags: 
Id flags:  

The output was:
0


Compilation of the C compiler identification source "CMakeCCompilerId.c" produced "a.out"

The C compiler identification is GNU, found in "/Users/alexandrequintart/soft/jsbsim/build/CMakeFiles/3.14.0/CompilerIdC/a.out"

Compiling the CXX compiler identification source file "CMakeCXXCompilerId.cpp" succeeded.
Compiler: /usr/local/bin/g++-8 
Build flags: 
Id flags:  

The output was:
0


Compilation of the CXX compiler identification source "CMakeCXXCompilerId.cpp" produced "a.out"

The CXX compiler identification is GNU, found in "/Users/alexandrequintart/soft/jsbsim/build/CMakeFiles/3.14.0/CompilerIdCXX/a.out"

Determining if the C compiler works passed with the following output:
Change Dir: /Users/alexandrequintart/soft/jsbsim/build/CMakeFiles/CMakeTmp

Run Build Command(s):/usr/bin/make cmTC_2dc10/fast 
/Library/Developer/CommandLineTools/usr/bin/make -f CMakeFiles/cmTC_2dc10.dir/build.make CMakeFiles/cmTC_2dc10.dir/build
Building C object CMakeFiles/cmTC_2dc10.dir/testCCompiler.c.o
/usr/local/bin/gcc-8    -o CMakeFiles/cmTC_2dc10.dir/testCCompiler.c.o   -c /Users/alexandrequintart/soft/jsbsim/build/CMakeFiles/CMakeTmp/testCCompiler.c
Linking C executable cmTC_2dc10
/Applications/CMake.app/Contents/bin/cmake -E cmake_link_script CMakeFiles/cmTC_2dc10.dir/link.txt --verbose=1
/usr/local/bin/gcc-8   -Wl,-search_paths_first -Wl,-headerpad_max_install_names   CMakeFiles/cmTC_2dc10.dir/testCCompiler.c.o  -o cmTC_2dc10 


Detecting C compiler ABI info compiled with the following output:
Change Dir: /Users/alexandrequintart/soft/jsbsim/build/CMakeFiles/CMakeTmp

Run Build Command(s):/usr/bin/make cmTC_fe2ae/fast 
/Library/Developer/CommandLineTools/usr/bin/make -f CMakeFiles/cmTC_fe2ae.dir/build.make CMakeFiles/cmTC_fe2ae.dir/build
Building C object CMakeFiles/cmTC_fe2ae.dir/CMakeCCompilerABI.c.o
/usr/local/bin/gcc-8   -v -Wl,-v -o CMakeFiles/cmTC_fe2ae.dir/CMakeCCompilerABI.c.o   -c /Applications/CMake.app/Contents/share/cmake-3.14/Modules/CMakeCCompilerABI.c
Using built-in specs.
COLLECT_GCC=/usr/local/bin/gcc-8
Target: x86_64-apple-darwin18.2.0
Configured with: ../configure --build=x86_64-apple-darwin18.2.0 --prefix=/usr/local/Cellar/gcc/8.3.0 --libdir=/usr/local/Cellar/gcc/8.3.0/lib/gcc/8 --disable-nls --enable-checking=release --enable-languages=c,c++,objc,obj-c++,fortran --program-suffix=-8 --with-gmp=/usr/local/opt/gmp --with-mpfr=/usr/local/opt/mpfr --with-mpc=/usr/local/opt/libmpc --with-isl=/usr/local/opt/isl --with-system-zlib --with-pkgversion='Homebrew GCC 8.3.0' --with-bugurl=https://github.com/Homebrew/homebrew-core/issues --disable-multilib --with-native-system-header-dir=/usr/include --with-sysroot=/Library/Developer/CommandLineTools/SDKs/MacOSX.sdk
Thread model: posix
gcc version 8.3.0 (Homebrew GCC 8.3.0) 
COLLECT_GCC_OPTIONS='-v' '-o' 'CMakeFiles/cmTC_fe2ae.dir/CMakeCCompilerABI.c.o' '-c' '-mmacosx-version-min=10.14.0' '-asm_macosx_version_min=10.14' '-mtune=core2'
 /usr/local/Cellar/gcc/8.3.0/libexec/gcc/x86_64-apple-darwin18.2.0/8.3.0/cc1 -quiet -v -D__DYNAMIC__ /Applications/CMake.app/Contents/share/cmake-3.14/Modules/CMakeCCompilerABI.c -fPIC -quiet -dumpbase CMakeCCompilerABI.c -mmacosx-version-min=10.14.0 -mtune=core2 -auxbase-strip CMakeFiles/cmTC_fe2ae.dir/CMakeCCompilerABI.c.o -version -o /var/folders/qq/p87r8tls2zbfj66bs9vmrh6w0000gn/T//ccyhHYjI.s
GNU C17 (Homebrew GCC 8.3.0) version 8.3.0 (x86_64-apple-darwin18.2.0)
	compiled by GNU C version 8.3.0, GMP version 6.1.2, MPFR version 4.0.1, MPC version 1.1.0, isl version isl-0.20-GMP

GGC heuristics: --param ggc-min-expand=100 --param ggc-min-heapsize=131072
ignoring nonexistent directory "/Library/Developer/CommandLineTools/SDKs/MacOSX.sdk/usr/local/include"
ignoring nonexistent directory "/usr/local/Cellar/gcc/8.3.0/lib/gcc/8/gcc/x86_64-apple-darwin18.2.0/8.3.0/../../../../../../x86_64-apple-darwin18.2.0/include"
ignoring nonexistent directory "/Library/Developer/CommandLineTools/SDKs/MacOSX.sdk/Library/Frameworks"
#include "..." search starts here:
#include <...> search starts here:
 /usr/local/Cellar/gcc/8.3.0/lib/gcc/8/gcc/x86_64-apple-darwin18.2.0/8.3.0/include
 /usr/local/Cellar/gcc/8.3.0/lib/gcc/8/gcc/x86_64-apple-darwin18.2.0/8.3.0/include-fixed
 /Library/Developer/CommandLineTools/SDKs/MacOSX.sdk/usr/include
 /Library/Developer/CommandLineTools/SDKs/MacOSX.sdk/System/Library/Frameworks
End of search list.
GNU C17 (Homebrew GCC 8.3.0) version 8.3.0 (x86_64-apple-darwin18.2.0)
	compiled by GNU C version 8.3.0, GMP version 6.1.2, MPFR version 4.0.1, MPC version 1.1.0, isl version isl-0.20-GMP

GGC heuristics: --param ggc-min-expand=100 --param ggc-min-heapsize=131072
Compiler executable checksum: 194eb47e2157ab941f281b63d24bc153
COLLECT_GCC_OPTIONS='-v' '-o' 'CMakeFiles/cmTC_fe2ae.dir/CMakeCCompilerABI.c.o' '-c' '-mmacosx-version-min=10.14.0'  '-mtune=core2'
 as -arch x86_64 -v -force_cpusubtype_ALL -mmacosx-version-min=10.14 -o CMakeFiles/cmTC_fe2ae.dir/CMakeCCompilerABI.c.o /var/folders/qq/p87r8tls2zbfj66bs9vmrh6w0000gn/T//ccyhHYjI.s
Apple LLVM version 9.1.0 (clang-902.0.39.2)
Target: x86_64-apple-darwin18.2.0
Thread model: posix
InstalledDir: /Library/Developer/CommandLineTools/usr/bin
 "/Library/Developer/CommandLineTools/usr/bin/clang" -cc1as -triple x86_64-apple-macosx10.14.0 -filetype obj -main-file-name ccyhHYjI.s -target-cpu penryn -fdebug-compilation-dir /Users/alexandrequintart/soft/jsbsim/build/CMakeFiles/CMakeTmp -dwarf-debug-producer Apple LLVM version 9.1.0 (clang-902.0.39.2) -dwarf-version=4 -mrelocation-model pic -o CMakeFiles/cmTC_fe2ae.dir/CMakeCCompilerABI.c.o /var/folders/qq/p87r8tls2zbfj66bs9vmrh6w0000gn/T//ccyhHYjI.s
COMPILER_PATH=/usr/local/Cellar/gcc/8.3.0/libexec/gcc/x86_64-apple-darwin18.2.0/8.3.0/:/usr/local/Cellar/gcc/8.3.0/libexec/gcc/x86_64-apple-darwin18.2.0/8.3.0/:/usr/local/Cellar/gcc/8.3.0/libexec/gcc/x86_64-apple-darwin18.2.0/:/usr/local/Cellar/gcc/8.3.0/lib/gcc/8/gcc/x86_64-apple-darwin18.2.0/8.3.0/:/usr/local/Cellar/gcc/8.3.0/lib/gcc/8/gcc/x86_64-apple-darwin18.2.0/
LIBRARY_PATH=/usr/local/Cellar/gcc/8.3.0/lib/gcc/8/gcc/x86_64-apple-darwin18.2.0/8.3.0/:/usr/local/Cellar/gcc/8.3.0/lib/gcc/8/gcc/x86_64-apple-darwin18.2.0/8.3.0/../../../
COLLECT_GCC_OPTIONS='-v' '-o' 'CMakeFiles/cmTC_fe2ae.dir/CMakeCCompilerABI.c.o' '-c' '-mmacosx-version-min=10.14.0'  '-mtune=core2'
Linking C executable cmTC_fe2ae
/Applications/CMake.app/Contents/bin/cmake -E cmake_link_script CMakeFiles/cmTC_fe2ae.dir/link.txt --verbose=1
/usr/local/bin/gcc-8   -Wl,-search_paths_first -Wl,-headerpad_max_install_names  -v -Wl,-v CMakeFiles/cmTC_fe2ae.dir/CMakeCCompilerABI.c.o  -o cmTC_fe2ae 
Using built-in specs.
COLLECT_GCC=/usr/local/bin/gcc-8
COLLECT_LTO_WRAPPER=/usr/local/Cellar/gcc/8.3.0/libexec/gcc/x86_64-apple-darwin18.2.0/8.3.0/lto-wrapper
Target: x86_64-apple-darwin18.2.0
Configured with: ../configure --build=x86_64-apple-darwin18.2.0 --prefix=/usr/local/Cellar/gcc/8.3.0 --libdir=/usr/local/Cellar/gcc/8.3.0/lib/gcc/8 --disable-nls --enable-checking=release --enable-languages=c,c++,objc,obj-c++,fortran --program-suffix=-8 --with-gmp=/usr/local/opt/gmp --with-mpfr=/usr/local/opt/mpfr --with-mpc=/usr/local/opt/libmpc --with-isl=/usr/local/opt/isl --with-system-zlib --with-pkgversion='Homebrew GCC 8.3.0' --with-bugurl=https://github.com/Homebrew/homebrew-core/issues --disable-multilib --with-native-system-header-dir=/usr/include --with-sysroot=/Library/Developer/CommandLineTools/SDKs/MacOSX.sdk
Thread model: posix
gcc version 8.3.0 (Homebrew GCC 8.3.0) 
COMPILER_PATH=/usr/local/Cellar/gcc/8.3.0/libexec/gcc/x86_64-apple-darwin18.2.0/8.3.0/:/usr/local/Cellar/gcc/8.3.0/libexec/gcc/x86_64-apple-darwin18.2.0/8.3.0/:/usr/local/Cellar/gcc/8.3.0/libexec/gcc/x86_64-apple-darwin18.2.0/:/usr/local/Cellar/gcc/8.3.0/lib/gcc/8/gcc/x86_64-apple-darwin18.2.0/8.3.0/:/usr/local/Cellar/gcc/8.3.0/lib/gcc/8/gcc/x86_64-apple-darwin18.2.0/
LIBRARY_PATH=/usr/local/Cellar/gcc/8.3.0/lib/gcc/8/gcc/x86_64-apple-darwin18.2.0/8.3.0/:/usr/local/Cellar/gcc/8.3.0/lib/gcc/8/gcc/x86_64-apple-darwin18.2.0/8.3.0/../../../
COLLECT_GCC_OPTIONS='-v' '-o' 'cmTC_fe2ae' '-mmacosx-version-min=10.14.0' '-asm_macosx_version_min=10.14' '-mtune=core2'
 /usr/local/Cellar/gcc/8.3.0/libexec/gcc/x86_64-apple-darwin18.2.0/8.3.0/collect2 -syslibroot /Library/Developer/CommandLineTools/SDKs/MacOSX.sdk/ -dynamic -arch x86_64 -macosx_version_min 10.14.0 -weak_reference_mismatches non-weak -o cmTC_fe2ae -L/usr/local/Cellar/gcc/8.3.0/lib/gcc/8/gcc/x86_64-apple-darwin18.2.0/8.3.0 -L/usr/local/Cellar/gcc/8.3.0/lib/gcc/8/gcc/x86_64-apple-darwin18.2.0/8.3.0/../../.. -search_paths_first -headerpad_max_install_names -v CMakeFiles/cmTC_fe2ae.dir/CMakeCCompilerABI.c.o -no_compact_unwind -lSystem -lgcc_ext.10.5 -lgcc -lSystem -v
collect2 version 8.3.0
/usr/bin/ld -syslibroot /Library/Developer/CommandLineTools/SDKs/MacOSX.sdk/ -dynamic -arch x86_64 -macosx_version_min 10.14.0 -weak_reference_mismatches non-weak -o cmTC_fe2ae -L/usr/local/Cellar/gcc/8.3.0/lib/gcc/8/gcc/x86_64-apple-darwin18.2.0/8.3.0 -L/usr/local/Cellar/gcc/8.3.0/lib/gcc/8/gcc/x86_64-apple-darwin18.2.0/8.3.0/../../.. -search_paths_first -headerpad_max_install_names -v CMakeFiles/cmTC_fe2ae.dir/CMakeCCompilerABI.c.o -no_compact_unwind -lSystem -lgcc_ext.10.5 -lgcc -lSystem -v
@(#)PROGRAM:ld  PROJECT:ld64-351.8
configured to support archs: armv6 armv7 armv7s arm64 i386 x86_64 x86_64h armv6m armv7k armv7m armv7em (tvOS)
@(#)PROGRAM:ld  PROJECT:ld64-351.8
configured to support archs: armv6 armv7 armv7s arm64 i386 x86_64 x86_64h armv6m armv7k armv7m armv7em (tvOS)
Library search paths:
	/usr/local/Cellar/gcc/8.3.0/lib/gcc/8/gcc/x86_64-apple-darwin18.2.0/8.3.0
	/usr/local/Cellar/gcc/8.3.0/lib/gcc/8
	/Library/Developer/CommandLineTools/SDKs/MacOSX.sdk/usr/lib
Framework search paths:
	/Library/Developer/CommandLineTools/SDKs/MacOSX.sdk/System/Library/Frameworks/
 /usr/bin/nm -n CMakeFiles/cmTC_fe2ae.dir/CMakeCCompilerABI.c.o


Parsed C implicit include dir info from above output: rv=done
  found start of include info
  found start of implicit include info
    add: [/usr/local/Cellar/gcc/8.3.0/lib/gcc/8/gcc/x86_64-apple-darwin18.2.0/8.3.0/include]
    add: [/usr/local/Cellar/gcc/8.3.0/lib/gcc/8/gcc/x86_64-apple-darwin18.2.0/8.3.0/include-fixed]
    add: [/Library/Developer/CommandLineTools/SDKs/MacOSX.sdk/usr/include]
    add: [/Library/Developer/CommandLineTools/SDKs/MacOSX.sdk/System/Library/Frameworks]
  end of search list found
  implicit include dirs: [/usr/local/Cellar/gcc/8.3.0/lib/gcc/8/gcc/x86_64-apple-darwin18.2.0/8.3.0/include;/usr/local/Cellar/gcc/8.3.0/lib/gcc/8/gcc/x86_64-apple-darwin18.2.0/8.3.0/include-fixed;/Library/Developer/CommandLineTools/SDKs/MacOSX.sdk/usr/include;/Library/Developer/CommandLineTools/SDKs/MacOSX.sdk/System/Library/Frameworks]


Parsed C implicit link information from above output:
  link line regex: [^( *|.*[/\])(ld|CMAKE_LINK_STARTFILE-NOTFOUND|([^/\]+-)?ld|collect2)[^/\]*( |$)]
  ignore line: [Change Dir: /Users/alexandrequintart/soft/jsbsim/build/CMakeFiles/CMakeTmp]
  ignore line: []
  ignore line: [Run Build Command(s):/usr/bin/make cmTC_fe2ae/fast ]
  ignore line: [/Library/Developer/CommandLineTools/usr/bin/make -f CMakeFiles/cmTC_fe2ae.dir/build.make CMakeFiles/cmTC_fe2ae.dir/build]
  ignore line: [Building C object CMakeFiles/cmTC_fe2ae.dir/CMakeCCompilerABI.c.o]
  ignore line: [/usr/local/bin/gcc-8   -v -Wl,-v -o CMakeFiles/cmTC_fe2ae.dir/CMakeCCompilerABI.c.o   -c /Applications/CMake.app/Contents/share/cmake-3.14/Modules/CMakeCCompilerABI.c]
  ignore line: [Using built-in specs.]
  ignore line: [COLLECT_GCC=/usr/local/bin/gcc-8]
  ignore line: [Target: x86_64-apple-darwin18.2.0]
  ignore line: [Configured with: ../configure --build=x86_64-apple-darwin18.2.0 --prefix=/usr/local/Cellar/gcc/8.3.0 --libdir=/usr/local/Cellar/gcc/8.3.0/lib/gcc/8 --disable-nls --enable-checking=release --enable-languages=c,c++,objc,obj-c++,fortran --program-suffix=-8 --with-gmp=/usr/local/opt/gmp --with-mpfr=/usr/local/opt/mpfr --with-mpc=/usr/local/opt/libmpc --with-isl=/usr/local/opt/isl --with-system-zlib --with-pkgversion='Homebrew GCC 8.3.0' --with-bugurl=https://github.com/Homebrew/homebrew-core/issues --disable-multilib --with-native-system-header-dir=/usr/include --with-sysroot=/Library/Developer/CommandLineTools/SDKs/MacOSX.sdk]
  ignore line: [Thread model: posix]
  ignore line: [gcc version 8.3.0 (Homebrew GCC 8.3.0) ]
  ignore line: [COLLECT_GCC_OPTIONS='-v' '-o' 'CMakeFiles/cmTC_fe2ae.dir/CMakeCCompilerABI.c.o' '-c' '-mmacosx-version-min=10.14.0' '-asm_macosx_version_min=10.14' '-mtune=core2']
  ignore line: [ /usr/local/Cellar/gcc/8.3.0/libexec/gcc/x86_64-apple-darwin18.2.0/8.3.0/cc1 -quiet -v -D__DYNAMIC__ /Applications/CMake.app/Contents/share/cmake-3.14/Modules/CMakeCCompilerABI.c -fPIC -quiet -dumpbase CMakeCCompilerABI.c -mmacosx-version-min=10.14.0 -mtune=core2 -auxbase-strip CMakeFiles/cmTC_fe2ae.dir/CMakeCCompilerABI.c.o -version -o /var/folders/qq/p87r8tls2zbfj66bs9vmrh6w0000gn/T//ccyhHYjI.s]
  ignore line: [GNU C17 (Homebrew GCC 8.3.0) version 8.3.0 (x86_64-apple-darwin18.2.0)]
  ignore line: [	compiled by GNU C version 8.3.0, GMP version 6.1.2, MPFR version 4.0.1, MPC version 1.1.0, isl version isl-0.20-GMP]
  ignore line: []
  ignore line: [GGC heuristics: --param ggc-min-expand=100 --param ggc-min-heapsize=131072]
  ignore line: [ignoring nonexistent directory "/Library/Developer/CommandLineTools/SDKs/MacOSX.sdk/usr/local/include"]
  ignore line: [ignoring nonexistent directory "/usr/local/Cellar/gcc/8.3.0/lib/gcc/8/gcc/x86_64-apple-darwin18.2.0/8.3.0/../../../../../../x86_64-apple-darwin18.2.0/include"]
  ignore line: [ignoring nonexistent directory "/Library/Developer/CommandLineTools/SDKs/MacOSX.sdk/Library/Frameworks"]
  ignore line: [#include "..." search starts here:]
  ignore line: [#include <...> search starts here:]
  ignore line: [ /usr/local/Cellar/gcc/8.3.0/lib/gcc/8/gcc/x86_64-apple-darwin18.2.0/8.3.0/include]
  ignore line: [ /usr/local/Cellar/gcc/8.3.0/lib/gcc/8/gcc/x86_64-apple-darwin18.2.0/8.3.0/include-fixed]
  ignore line: [ /Library/Developer/CommandLineTools/SDKs/MacOSX.sdk/usr/include]
  ignore line: [ /Library/Developer/CommandLineTools/SDKs/MacOSX.sdk/System/Library/Frameworks]
  ignore line: [End of search list.]
  ignore line: [GNU C17 (Homebrew GCC 8.3.0) version 8.3.0 (x86_64-apple-darwin18.2.0)]
  ignore line: [	compiled by GNU C version 8.3.0, GMP version 6.1.2, MPFR version 4.0.1, MPC version 1.1.0, isl version isl-0.20-GMP]
  ignore line: []
  ignore line: [GGC heuristics: --param ggc-min-expand=100 --param ggc-min-heapsize=131072]
  ignore line: [Compiler executable checksum: 194eb47e2157ab941f281b63d24bc153]
  ignore line: [COLLECT_GCC_OPTIONS='-v' '-o' 'CMakeFiles/cmTC_fe2ae.dir/CMakeCCompilerABI.c.o' '-c' '-mmacosx-version-min=10.14.0'  '-mtune=core2']
  ignore line: [ as -arch x86_64 -v -force_cpusubtype_ALL -mmacosx-version-min=10.14 -o CMakeFiles/cmTC_fe2ae.dir/CMakeCCompilerABI.c.o /var/folders/qq/p87r8tls2zbfj66bs9vmrh6w0000gn/T//ccyhHYjI.s]
  ignore line: [Apple LLVM version 9.1.0 (clang-902.0.39.2)]
  ignore line: [Target: x86_64-apple-darwin18.2.0]
  ignore line: [Thread model: posix]
  ignore line: [InstalledDir: /Library/Developer/CommandLineTools/usr/bin]
  ignore line: [ "/Library/Developer/CommandLineTools/usr/bin/clang" -cc1as -triple x86_64-apple-macosx10.14.0 -filetype obj -main-file-name ccyhHYjI.s -target-cpu penryn -fdebug-compilation-dir /Users/alexandrequintart/soft/jsbsim/build/CMakeFiles/CMakeTmp -dwarf-debug-producer Apple LLVM version 9.1.0 (clang-902.0.39.2) -dwarf-version=4 -mrelocation-model pic -o CMakeFiles/cmTC_fe2ae.dir/CMakeCCompilerABI.c.o /var/folders/qq/p87r8tls2zbfj66bs9vmrh6w0000gn/T//ccyhHYjI.s]
  ignore line: [COMPILER_PATH=/usr/local/Cellar/gcc/8.3.0/libexec/gcc/x86_64-apple-darwin18.2.0/8.3.0/:/usr/local/Cellar/gcc/8.3.0/libexec/gcc/x86_64-apple-darwin18.2.0/8.3.0/:/usr/local/Cellar/gcc/8.3.0/libexec/gcc/x86_64-apple-darwin18.2.0/:/usr/local/Cellar/gcc/8.3.0/lib/gcc/8/gcc/x86_64-apple-darwin18.2.0/8.3.0/:/usr/local/Cellar/gcc/8.3.0/lib/gcc/8/gcc/x86_64-apple-darwin18.2.0/]
  ignore line: [LIBRARY_PATH=/usr/local/Cellar/gcc/8.3.0/lib/gcc/8/gcc/x86_64-apple-darwin18.2.0/8.3.0/:/usr/local/Cellar/gcc/8.3.0/lib/gcc/8/gcc/x86_64-apple-darwin18.2.0/8.3.0/../../../]
  ignore line: [COLLECT_GCC_OPTIONS='-v' '-o' 'CMakeFiles/cmTC_fe2ae.dir/CMakeCCompilerABI.c.o' '-c' '-mmacosx-version-min=10.14.0'  '-mtune=core2']
  ignore line: [Linking C executable cmTC_fe2ae]
  ignore line: [/Applications/CMake.app/Contents/bin/cmake -E cmake_link_script CMakeFiles/cmTC_fe2ae.dir/link.txt --verbose=1]
  ignore line: [/usr/local/bin/gcc-8   -Wl,-search_paths_first -Wl,-headerpad_max_install_names  -v -Wl,-v CMakeFiles/cmTC_fe2ae.dir/CMakeCCompilerABI.c.o  -o cmTC_fe2ae ]
  ignore line: [Using built-in specs.]
  ignore line: [COLLECT_GCC=/usr/local/bin/gcc-8]
  ignore line: [COLLECT_LTO_WRAPPER=/usr/local/Cellar/gcc/8.3.0/libexec/gcc/x86_64-apple-darwin18.2.0/8.3.0/lto-wrapper]
  ignore line: [Target: x86_64-apple-darwin18.2.0]
  ignore line: [Configured with: ../configure --build=x86_64-apple-darwin18.2.0 --prefix=/usr/local/Cellar/gcc/8.3.0 --libdir=/usr/local/Cellar/gcc/8.3.0/lib/gcc/8 --disable-nls --enable-checking=release --enable-languages=c,c++,objc,obj-c++,fortran --program-suffix=-8 --with-gmp=/usr/local/opt/gmp --with-mpfr=/usr/local/opt/mpfr --with-mpc=/usr/local/opt/libmpc --with-isl=/usr/local/opt/isl --with-system-zlib --with-pkgversion='Homebrew GCC 8.3.0' --with-bugurl=https://github.com/Homebrew/homebrew-core/issues --disable-multilib --with-native-system-header-dir=/usr/include --with-sysroot=/Library/Developer/CommandLineTools/SDKs/MacOSX.sdk]
  ignore line: [Thread model: posix]
  ignore line: [gcc version 8.3.0 (Homebrew GCC 8.3.0) ]
  ignore line: [COMPILER_PATH=/usr/local/Cellar/gcc/8.3.0/libexec/gcc/x86_64-apple-darwin18.2.0/8.3.0/:/usr/local/Cellar/gcc/8.3.0/libexec/gcc/x86_64-apple-darwin18.2.0/8.3.0/:/usr/local/Cellar/gcc/8.3.0/libexec/gcc/x86_64-apple-darwin18.2.0/:/usr/local/Cellar/gcc/8.3.0/lib/gcc/8/gcc/x86_64-apple-darwin18.2.0/8.3.0/:/usr/local/Cellar/gcc/8.3.0/lib/gcc/8/gcc/x86_64-apple-darwin18.2.0/]
  ignore line: [LIBRARY_PATH=/usr/local/Cellar/gcc/8.3.0/lib/gcc/8/gcc/x86_64-apple-darwin18.2.0/8.3.0/:/usr/local/Cellar/gcc/8.3.0/lib/gcc/8/gcc/x86_64-apple-darwin18.2.0/8.3.0/../../../]
  ignore line: [COLLECT_GCC_OPTIONS='-v' '-o' 'cmTC_fe2ae' '-mmacosx-version-min=10.14.0' '-asm_macosx_version_min=10.14' '-mtune=core2']
  link line: [ /usr/local/Cellar/gcc/8.3.0/libexec/gcc/x86_64-apple-darwin18.2.0/8.3.0/collect2 -syslibroot /Library/Developer/CommandLineTools/SDKs/MacOSX.sdk/ -dynamic -arch x86_64 -macosx_version_min 10.14.0 -weak_reference_mismatches non-weak -o cmTC_fe2ae -L/usr/local/Cellar/gcc/8.3.0/lib/gcc/8/gcc/x86_64-apple-darwin18.2.0/8.3.0 -L/usr/local/Cellar/gcc/8.3.0/lib/gcc/8/gcc/x86_64-apple-darwin18.2.0/8.3.0/../../.. -search_paths_first -headerpad_max_install_names -v CMakeFiles/cmTC_fe2ae.dir/CMakeCCompilerABI.c.o -no_compact_unwind -lSystem -lgcc_ext.10.5 -lgcc -lSystem -v]
    arg [/usr/local/Cellar/gcc/8.3.0/libexec/gcc/x86_64-apple-darwin18.2.0/8.3.0/collect2] ==> ignore
    arg [-syslibroot] ==> ignore
    arg [/Library/Developer/CommandLineTools/SDKs/MacOSX.sdk/] ==> ignore
    arg [-dynamic] ==> ignore
    arg [-arch] ==> ignore
    arg [x86_64] ==> ignore
    arg [-macosx_version_min] ==> ignore
    arg [10.14.0] ==> ignore
    arg [-weak_reference_mismatches] ==> ignore
    arg [non-weak] ==> ignore
    arg [-o] ==> ignore
    arg [cmTC_fe2ae] ==> ignore
    arg [-L/usr/local/Cellar/gcc/8.3.0/lib/gcc/8/gcc/x86_64-apple-darwin18.2.0/8.3.0] ==> dir [/usr/local/Cellar/gcc/8.3.0/lib/gcc/8/gcc/x86_64-apple-darwin18.2.0/8.3.0]
    arg [-L/usr/local/Cellar/gcc/8.3.0/lib/gcc/8/gcc/x86_64-apple-darwin18.2.0/8.3.0/../../..] ==> dir [/usr/local/Cellar/gcc/8.3.0/lib/gcc/8/gcc/x86_64-apple-darwin18.2.0/8.3.0/../../..]
    arg [-search_paths_first] ==> ignore
    arg [-headerpad_max_install_names] ==> ignore
    arg [-v] ==> ignore
    arg [CMakeFiles/cmTC_fe2ae.dir/CMakeCCompilerABI.c.o] ==> ignore
    arg [-no_compact_unwind] ==> ignore
    arg [-lSystem] ==> lib [System]
    arg [-lgcc_ext.10.5] ==> lib [gcc_ext.10.5]
    arg [-lgcc] ==> lib [gcc]
    arg [-lSystem] ==> lib [System]
    arg [-v] ==> ignore
  Library search paths: [;/usr/local/Cellar/gcc/8.3.0/lib/gcc/8/gcc/x86_64-apple-darwin18.2.0/8.3.0;/usr/local/Cellar/gcc/8.3.0/lib/gcc/8;/Library/Developer/CommandLineTools/SDKs/MacOSX.sdk/usr/lib]
  Framework search paths: [;/Library/Developer/CommandLineTools/SDKs/MacOSX.sdk/System/Library/Frameworks/]
  remove lib [System]
  remove lib [System]
  collapse library dir [/usr/local/Cellar/gcc/8.3.0/lib/gcc/8/gcc/x86_64-apple-darwin18.2.0/8.3.0] ==> [/usr/local/Cellar/gcc/8.3.0/lib/gcc/8/gcc/x86_64-apple-darwin18.2.0/8.3.0]
  collapse library dir [/usr/local/Cellar/gcc/8.3.0/lib/gcc/8/gcc/x86_64-apple-darwin18.2.0/8.3.0/../../..] ==> [/usr/local/Cellar/gcc/8.3.0/lib/gcc/8]
  collapse library dir [/usr/local/Cellar/gcc/8.3.0/lib/gcc/8/gcc/x86_64-apple-darwin18.2.0/8.3.0] ==> [/usr/local/Cellar/gcc/8.3.0/lib/gcc/8/gcc/x86_64-apple-darwin18.2.0/8.3.0]
  collapse library dir [/usr/local/Cellar/gcc/8.3.0/lib/gcc/8] ==> [/usr/local/Cellar/gcc/8.3.0/lib/gcc/8]
  collapse library dir [/Library/Developer/CommandLineTools/SDKs/MacOSX.sdk/usr/lib] ==> [/Library/Developer/CommandLineTools/SDKs/MacOSX.sdk/usr/lib]
  collapse framework dir [/Library/Developer/CommandLineTools/SDKs/MacOSX.sdk/System/Library/Frameworks/] ==> [/Library/Developer/CommandLineTools/SDKs/MacOSX.sdk/System/Library/Frameworks]
  implicit libs: [gcc_ext.10.5;gcc]
  implicit dirs: [/usr/local/Cellar/gcc/8.3.0/lib/gcc/8/gcc/x86_64-apple-darwin18.2.0/8.3.0;/usr/local/Cellar/gcc/8.3.0/lib/gcc/8;/Library/Developer/CommandLineTools/SDKs/MacOSX.sdk/usr/lib]
  implicit fwks: [/Library/Developer/CommandLineTools/SDKs/MacOSX.sdk/System/Library/Frameworks]




Detecting C [-std=c11] compiler features compiled with the following output:
Change Dir: /Users/alexandrequintart/soft/jsbsim/build/CMakeFiles/CMakeTmp

Run Build Command(s):/usr/bin/make cmTC_5e389/fast 
/Library/Developer/CommandLineTools/usr/bin/make -f CMakeFiles/cmTC_5e389.dir/build.make CMakeFiles/cmTC_5e389.dir/build
Building C object CMakeFiles/cmTC_5e389.dir/feature_tests.c.o
/usr/local/bin/gcc-8   -std=c11 -o CMakeFiles/cmTC_5e389.dir/feature_tests.c.o   -c /Users/alexandrequintart/soft/jsbsim/build/CMakeFiles/feature_tests.c
Linking C executable cmTC_5e389
/Applications/CMake.app/Contents/bin/cmake -E cmake_link_script CMakeFiles/cmTC_5e389.dir/link.txt --verbose=1
/usr/local/bin/gcc-8   -Wl,-search_paths_first -Wl,-headerpad_max_install_names   CMakeFiles/cmTC_5e389.dir/feature_tests.c.o  -o cmTC_5e389 


    Feature record: C_FEATURE:1c_function_prototypes
    Feature record: C_FEATURE:1c_restrict
    Feature record: C_FEATURE:1c_static_assert
    Feature record: C_FEATURE:1c_variadic_macros


Detecting C [-std=c99] compiler features compiled with the following output:
Change Dir: /Users/alexandrequintart/soft/jsbsim/build/CMakeFiles/CMakeTmp

Run Build Command(s):/usr/bin/make cmTC_bf340/fast 
/Library/Developer/CommandLineTools/usr/bin/make -f CMakeFiles/cmTC_bf340.dir/build.make CMakeFiles/cmTC_bf340.dir/build
Building C object CMakeFiles/cmTC_bf340.dir/feature_tests.c.o
/usr/local/bin/gcc-8   -std=c99 -o CMakeFiles/cmTC_bf340.dir/feature_tests.c.o   -c /Users/alexandrequintart/soft/jsbsim/build/CMakeFiles/feature_tests.c
Linking C executable cmTC_bf340
/Applications/CMake.app/Contents/bin/cmake -E cmake_link_script CMakeFiles/cmTC_bf340.dir/link.txt --verbose=1
/usr/local/bin/gcc-8   -Wl,-search_paths_first -Wl,-headerpad_max_install_names   CMakeFiles/cmTC_bf340.dir/feature_tests.c.o  -o cmTC_bf340 


    Feature record: C_FEATURE:1c_function_prototypes
    Feature record: C_FEATURE:1c_restrict
    Feature record: C_FEATURE:0c_static_assert
    Feature record: C_FEATURE:1c_variadic_macros


Detecting C [-std=c90] compiler features compiled with the following output:
Change Dir: /Users/alexandrequintart/soft/jsbsim/build/CMakeFiles/CMakeTmp

Run Build Command(s):/usr/bin/make cmTC_159f3/fast 
/Library/Developer/CommandLineTools/usr/bin/make -f CMakeFiles/cmTC_159f3.dir/build.make CMakeFiles/cmTC_159f3.dir/build
Building C object CMakeFiles/cmTC_159f3.dir/feature_tests.c.o
/usr/local/bin/gcc-8   -std=c90 -o CMakeFiles/cmTC_159f3.dir/feature_tests.c.o   -c /Users/alexandrequintart/soft/jsbsim/build/CMakeFiles/feature_tests.c
Linking C executable cmTC_159f3
/Applications/CMake.app/Contents/bin/cmake -E cmake_link_script CMakeFiles/cmTC_159f3.dir/link.txt --verbose=1
/usr/local/bin/gcc-8   -Wl,-search_paths_first -Wl,-headerpad_max_install_names   CMakeFiles/cmTC_159f3.dir/feature_tests.c.o  -o cmTC_159f3 


    Feature record: C_FEATURE:1c_function_prototypes
    Feature record: C_FEATURE:0c_restrict
    Feature record: C_FEATURE:0c_static_assert
    Feature record: C_FEATURE:0c_variadic_macros
Determining if the CXX compiler works passed with the following output:
Change Dir: /Users/alexandrequintart/soft/jsbsim/build/CMakeFiles/CMakeTmp

Run Build Command(s):/usr/bin/make cmTC_4ff25/fast 
/Library/Developer/CommandLineTools/usr/bin/make -f CMakeFiles/cmTC_4ff25.dir/build.make CMakeFiles/cmTC_4ff25.dir/build
Building CXX object CMakeFiles/cmTC_4ff25.dir/testCXXCompiler.cxx.o
/usr/local/bin/g++-8     -o CMakeFiles/cmTC_4ff25.dir/testCXXCompiler.cxx.o -c /Users/alexandrequintart/soft/jsbsim/build/CMakeFiles/CMakeTmp/testCXXCompiler.cxx
Linking CXX executable cmTC_4ff25
/Applications/CMake.app/Contents/bin/cmake -E cmake_link_script CMakeFiles/cmTC_4ff25.dir/link.txt --verbose=1
/usr/local/bin/g++-8    -Wl,-search_paths_first -Wl,-headerpad_max_install_names   CMakeFiles/cmTC_4ff25.dir/testCXXCompiler.cxx.o  -o cmTC_4ff25 


Detecting CXX compiler ABI info compiled with the following output:
Change Dir: /Users/alexandrequintart/soft/jsbsim/build/CMakeFiles/CMakeTmp

Run Build Command(s):/usr/bin/make cmTC_381fd/fast 
/Library/Developer/CommandLineTools/usr/bin/make -f CMakeFiles/cmTC_381fd.dir/build.make CMakeFiles/cmTC_381fd.dir/build
Building CXX object CMakeFiles/cmTC_381fd.dir/CMakeCXXCompilerABI.cpp.o
/usr/local/bin/g++-8    -v -Wl,-v -o CMakeFiles/cmTC_381fd.dir/CMakeCXXCompilerABI.cpp.o -c /Applications/CMake.app/Contents/share/cmake-3.14/Modules/CMakeCXXCompilerABI.cpp
Using built-in specs.
COLLECT_GCC=/usr/local/bin/g++-8
Target: x86_64-apple-darwin18.2.0
Configured with: ../configure --build=x86_64-apple-darwin18.2.0 --prefix=/usr/local/Cellar/gcc/8.3.0 --libdir=/usr/local/Cellar/gcc/8.3.0/lib/gcc/8 --disable-nls --enable-checking=release --enable-languages=c,c++,objc,obj-c++,fortran --program-suffix=-8 --with-gmp=/usr/local/opt/gmp --with-mpfr=/usr/local/opt/mpfr --with-mpc=/usr/local/opt/libmpc --with-isl=/usr/local/opt/isl --with-system-zlib --with-pkgversion='Homebrew GCC 8.3.0' --with-bugurl=https://github.com/Homebrew/homebrew-core/issues --disable-multilib --with-native-system-header-dir=/usr/include --with-sysroot=/Library/Developer/CommandLineTools/SDKs/MacOSX.sdk
Thread model: posix
gcc version 8.3.0 (Homebrew GCC 8.3.0) 
COLLECT_GCC_OPTIONS='-v' '-o' 'CMakeFiles/cmTC_381fd.dir/CMakeCXXCompilerABI.cpp.o' '-c' '-mmacosx-version-min=10.14.0' '-asm_macosx_version_min=10.14' '-shared-libgcc' '-mtune=core2'
 /usr/local/Cellar/gcc/8.3.0/libexec/gcc/x86_64-apple-darwin18.2.0/8.3.0/cc1plus -quiet -v -D__DYNAMIC__ /Applications/CMake.app/Contents/share/cmake-3.14/Modules/CMakeCXXCompilerABI.cpp -fPIC -quiet -dumpbase CMakeCXXCompilerABI.cpp -mmacosx-version-min=10.14.0 -mtune=core2 -auxbase-strip CMakeFiles/cmTC_381fd.dir/CMakeCXXCompilerABI.cpp.o -version -o /var/folders/qq/p87r8tls2zbfj66bs9vmrh6w0000gn/T//ccicD5WD.s
GNU C++14 (Homebrew GCC 8.3.0) version 8.3.0 (x86_64-apple-darwin18.2.0)
	compiled by GNU C version 8.3.0, GMP version 6.1.2, MPFR version 4.0.1, MPC version 1.1.0, isl version isl-0.20-GMP

GGC heuristics: --param ggc-min-expand=100 --param ggc-min-heapsize=131072
ignoring nonexistent directory "/Library/Developer/CommandLineTools/SDKs/MacOSX.sdk/usr/local/include"
ignoring nonexistent directory "/usr/local/Cellar/gcc/8.3.0/lib/gcc/8/gcc/x86_64-apple-darwin18.2.0/8.3.0/../../../../../../x86_64-apple-darwin18.2.0/include"
ignoring nonexistent directory "/Library/Developer/CommandLineTools/SDKs/MacOSX.sdk/Library/Frameworks"
#include "..." search starts here:
#include <...> search starts here:
 /usr/local/Cellar/gcc/8.3.0/lib/gcc/8/gcc/x86_64-apple-darwin18.2.0/8.3.0/../../../../../../include/c++/8.3.0
 /usr/local/Cellar/gcc/8.3.0/lib/gcc/8/gcc/x86_64-apple-darwin18.2.0/8.3.0/../../../../../../include/c++/8.3.0/x86_64-apple-darwin18.2.0
 /usr/local/Cellar/gcc/8.3.0/lib/gcc/8/gcc/x86_64-apple-darwin18.2.0/8.3.0/../../../../../../include/c++/8.3.0/backward
 /usr/local/Cellar/gcc/8.3.0/lib/gcc/8/gcc/x86_64-apple-darwin18.2.0/8.3.0/include
 /usr/local/Cellar/gcc/8.3.0/lib/gcc/8/gcc/x86_64-apple-darwin18.2.0/8.3.0/include-fixed
 /Library/Developer/CommandLineTools/SDKs/MacOSX.sdk/usr/include
 /Library/Developer/CommandLineTools/SDKs/MacOSX.sdk/System/Library/Frameworks
End of search list.
GNU C++14 (Homebrew GCC 8.3.0) version 8.3.0 (x86_64-apple-darwin18.2.0)
	compiled by GNU C version 8.3.0, GMP version 6.1.2, MPFR version 4.0.1, MPC version 1.1.0, isl version isl-0.20-GMP

GGC heuristics: --param ggc-min-expand=100 --param ggc-min-heapsize=131072
Compiler executable checksum: 6bbf747e966d3036e7e0bf7199d907bb
COLLECT_GCC_OPTIONS='-v' '-o' 'CMakeFiles/cmTC_381fd.dir/CMakeCXXCompilerABI.cpp.o' '-c' '-mmacosx-version-min=10.14.0'  '-shared-libgcc' '-mtune=core2'
 as -arch x86_64 -v -force_cpusubtype_ALL -mmacosx-version-min=10.14 -o CMakeFiles/cmTC_381fd.dir/CMakeCXXCompilerABI.cpp.o /var/folders/qq/p87r8tls2zbfj66bs9vmrh6w0000gn/T//ccicD5WD.s
Apple LLVM version 9.1.0 (clang-902.0.39.2)
Target: x86_64-apple-darwin18.2.0
Thread model: posix
InstalledDir: /Library/Developer/CommandLineTools/usr/bin
 "/Library/Developer/CommandLineTools/usr/bin/clang" -cc1as -triple x86_64-apple-macosx10.14.0 -filetype obj -main-file-name ccicD5WD.s -target-cpu penryn -fdebug-compilation-dir /Users/alexandrequintart/soft/jsbsim/build/CMakeFiles/CMakeTmp -dwarf-debug-producer Apple LLVM version 9.1.0 (clang-902.0.39.2) -dwarf-version=4 -mrelocation-model pic -o CMakeFiles/cmTC_381fd.dir/CMakeCXXCompilerABI.cpp.o /var/folders/qq/p87r8tls2zbfj66bs9vmrh6w0000gn/T//ccicD5WD.s
COMPILER_PATH=/usr/local/Cellar/gcc/8.3.0/libexec/gcc/x86_64-apple-darwin18.2.0/8.3.0/:/usr/local/Cellar/gcc/8.3.0/libexec/gcc/x86_64-apple-darwin18.2.0/8.3.0/:/usr/local/Cellar/gcc/8.3.0/libexec/gcc/x86_64-apple-darwin18.2.0/:/usr/local/Cellar/gcc/8.3.0/lib/gcc/8/gcc/x86_64-apple-darwin18.2.0/8.3.0/:/usr/local/Cellar/gcc/8.3.0/lib/gcc/8/gcc/x86_64-apple-darwin18.2.0/
LIBRARY_PATH=/usr/local/Cellar/gcc/8.3.0/lib/gcc/8/gcc/x86_64-apple-darwin18.2.0/8.3.0/:/usr/local/Cellar/gcc/8.3.0/lib/gcc/8/gcc/x86_64-apple-darwin18.2.0/8.3.0/../../../
COLLECT_GCC_OPTIONS='-v' '-o' 'CMakeFiles/cmTC_381fd.dir/CMakeCXXCompilerABI.cpp.o' '-c' '-mmacosx-version-min=10.14.0'  '-shared-libgcc' '-mtune=core2'
Linking CXX executable cmTC_381fd
/Applications/CMake.app/Contents/bin/cmake -E cmake_link_script CMakeFiles/cmTC_381fd.dir/link.txt --verbose=1
/usr/local/bin/g++-8    -Wl,-search_paths_first -Wl,-headerpad_max_install_names  -v -Wl,-v CMakeFiles/cmTC_381fd.dir/CMakeCXXCompilerABI.cpp.o  -o cmTC_381fd 
Using built-in specs.
COLLECT_GCC=/usr/local/bin/g++-8
COLLECT_LTO_WRAPPER=/usr/local/Cellar/gcc/8.3.0/libexec/gcc/x86_64-apple-darwin18.2.0/8.3.0/lto-wrapper
Target: x86_64-apple-darwin18.2.0
Configured with: ../configure --build=x86_64-apple-darwin18.2.0 --prefix=/usr/local/Cellar/gcc/8.3.0 --libdir=/usr/local/Cellar/gcc/8.3.0/lib/gcc/8 --disable-nls --enable-checking=release --enable-languages=c,c++,objc,obj-c++,fortran --program-suffix=-8 --with-gmp=/usr/local/opt/gmp --with-mpfr=/usr/local/opt/mpfr --with-mpc=/usr/local/opt/libmpc --with-isl=/usr/local/opt/isl --with-system-zlib --with-pkgversion='Homebrew GCC 8.3.0' --with-bugurl=https://github.com/Homebrew/homebrew-core/issues --disable-multilib --with-native-system-header-dir=/usr/include --with-sysroot=/Library/Developer/CommandLineTools/SDKs/MacOSX.sdk
Thread model: posix
gcc version 8.3.0 (Homebrew GCC 8.3.0) 
COMPILER_PATH=/usr/local/Cellar/gcc/8.3.0/libexec/gcc/x86_64-apple-darwin18.2.0/8.3.0/:/usr/local/Cellar/gcc/8.3.0/libexec/gcc/x86_64-apple-darwin18.2.0/8.3.0/:/usr/local/Cellar/gcc/8.3.0/libexec/gcc/x86_64-apple-darwin18.2.0/:/usr/local/Cellar/gcc/8.3.0/lib/gcc/8/gcc/x86_64-apple-darwin18.2.0/8.3.0/:/usr/local/Cellar/gcc/8.3.0/lib/gcc/8/gcc/x86_64-apple-darwin18.2.0/
LIBRARY_PATH=/usr/local/Cellar/gcc/8.3.0/lib/gcc/8/gcc/x86_64-apple-darwin18.2.0/8.3.0/:/usr/local/Cellar/gcc/8.3.0/lib/gcc/8/gcc/x86_64-apple-darwin18.2.0/8.3.0/../../../
COLLECT_GCC_OPTIONS='-v' '-o' 'cmTC_381fd' '-mmacosx-version-min=10.14.0' '-asm_macosx_version_min=10.14' '-shared-libgcc' '-mtune=core2'
 /usr/local/Cellar/gcc/8.3.0/libexec/gcc/x86_64-apple-darwin18.2.0/8.3.0/collect2 -syslibroot /Library/Developer/CommandLineTools/SDKs/MacOSX.sdk/ -dynamic -arch x86_64 -macosx_version_min 10.14.0 -weak_reference_mismatches non-weak -o cmTC_381fd -L/usr/local/Cellar/gcc/8.3.0/lib/gcc/8/gcc/x86_64-apple-darwin18.2.0/8.3.0 -L/usr/local/Cellar/gcc/8.3.0/lib/gcc/8/gcc/x86_64-apple-darwin18.2.0/8.3.0/../../.. -search_paths_first -headerpad_max_install_names -v CMakeFiles/cmTC_381fd.dir/CMakeCXXCompilerABI.cpp.o -lstdc++ -no_compact_unwind -lSystem -lgcc_ext.10.5 -lgcc -lSystem -v
collect2 version 8.3.0
/usr/bin/ld -syslibroot /Library/Developer/CommandLineTools/SDKs/MacOSX.sdk/ -dynamic -arch x86_64 -macosx_version_min 10.14.0 -weak_reference_mismatches non-weak -o cmTC_381fd -L/usr/local/Cellar/gcc/8.3.0/lib/gcc/8/gcc/x86_64-apple-darwin18.2.0/8.3.0 -L/usr/local/Cellar/gcc/8.3.0/lib/gcc/8/gcc/x86_64-apple-darwin18.2.0/8.3.0/../../.. -search_paths_first -headerpad_max_install_names -v CMakeFiles/cmTC_381fd.dir/CMakeCXXCompilerABI.cpp.o -lstdc++ -no_compact_unwind -lSystem -lgcc_ext.10.5 -lgcc -lSystem -v
@(#)PROGRAM:ld  PROJECT:ld64-351.8
configured to support archs: armv6 armv7 armv7s arm64 i386 x86_64 x86_64h armv6m armv7k armv7m armv7em (tvOS)
@(#)PROGRAM:ld  PROJECT:ld64-351.8
configured to support archs: armv6 armv7 armv7s arm64 i386 x86_64 x86_64h armv6m armv7k armv7m armv7em (tvOS)
Library search paths:
	/usr/local/Cellar/gcc/8.3.0/lib/gcc/8/gcc/x86_64-apple-darwin18.2.0/8.3.0
	/usr/local/Cellar/gcc/8.3.0/lib/gcc/8
	/Library/Developer/CommandLineTools/SDKs/MacOSX.sdk/usr/lib
Framework search paths:
	/Library/Developer/CommandLineTools/SDKs/MacOSX.sdk/System/Library/Frameworks/
 /usr/bin/nm -n CMakeFiles/cmTC_381fd.dir/CMakeCXXCompilerABI.cpp.o


Parsed CXX implicit include dir info from above output: rv=done
  found start of include info
  found start of implicit include info
    add: [/usr/local/Cellar/gcc/8.3.0/lib/gcc/8/gcc/x86_64-apple-darwin18.2.0/8.3.0/../../../../../../include/c++/8.3.0]
    add: [/usr/local/Cellar/gcc/8.3.0/lib/gcc/8/gcc/x86_64-apple-darwin18.2.0/8.3.0/../../../../../../include/c++/8.3.0/x86_64-apple-darwin18.2.0]
    add: [/usr/local/Cellar/gcc/8.3.0/lib/gcc/8/gcc/x86_64-apple-darwin18.2.0/8.3.0/../../../../../../include/c++/8.3.0/backward]
    add: [/usr/local/Cellar/gcc/8.3.0/lib/gcc/8/gcc/x86_64-apple-darwin18.2.0/8.3.0/include]
    add: [/usr/local/Cellar/gcc/8.3.0/lib/gcc/8/gcc/x86_64-apple-darwin18.2.0/8.3.0/include-fixed]
    add: [/Library/Developer/CommandLineTools/SDKs/MacOSX.sdk/usr/include]
    add: [/Library/Developer/CommandLineTools/SDKs/MacOSX.sdk/System/Library/Frameworks]
  end of search list found
  implicit include dirs: [/usr/local/Cellar/gcc/8.3.0/lib/gcc/8/gcc/x86_64-apple-darwin18.2.0/8.3.0/../../../../../../include/c++/8.3.0;/usr/local/Cellar/gcc/8.3.0/lib/gcc/8/gcc/x86_64-apple-darwin18.2.0/8.3.0/../../../../../../include/c++/8.3.0/x86_64-apple-darwin18.2.0;/usr/local/Cellar/gcc/8.3.0/lib/gcc/8/gcc/x86_64-apple-darwin18.2.0/8.3.0/../../../../../../include/c++/8.3.0/backward;/usr/local/Cellar/gcc/8.3.0/lib/gcc/8/gcc/x86_64-apple-darwin18.2.0/8.3.0/include;/usr/local/Cellar/gcc/8.3.0/lib/gcc/8/gcc/x86_64-apple-darwin18.2.0/8.3.0/include-fixed;/Library/Developer/CommandLineTools/SDKs/MacOSX.sdk/usr/include;/Library/Developer/CommandLineTools/SDKs/MacOSX.sdk/System/Library/Frameworks]


Parsed CXX implicit link information from above output:
  link line regex: [^( *|.*[/\])(ld|CMAKE_LINK_STARTFILE-NOTFOUND|([^/\]+-)?ld|collect2)[^/\]*( |$)]
  ignore line: [Change Dir: /Users/alexandrequintart/soft/jsbsim/build/CMakeFiles/CMakeTmp]
  ignore line: []
  ignore line: [Run Build Command(s):/usr/bin/make cmTC_381fd/fast ]
  ignore line: [/Library/Developer/CommandLineTools/usr/bin/make -f CMakeFiles/cmTC_381fd.dir/build.make CMakeFiles/cmTC_381fd.dir/build]
  ignore line: [Building CXX object CMakeFiles/cmTC_381fd.dir/CMakeCXXCompilerABI.cpp.o]
  ignore line: [/usr/local/bin/g++-8    -v -Wl,-v -o CMakeFiles/cmTC_381fd.dir/CMakeCXXCompilerABI.cpp.o -c /Applications/CMake.app/Contents/share/cmake-3.14/Modules/CMakeCXXCompilerABI.cpp]
  ignore line: [Using built-in specs.]
  ignore line: [COLLECT_GCC=/usr/local/bin/g++-8]
  ignore line: [Target: x86_64-apple-darwin18.2.0]
  ignore line: [Configured with: ../configure --build=x86_64-apple-darwin18.2.0 --prefix=/usr/local/Cellar/gcc/8.3.0 --libdir=/usr/local/Cellar/gcc/8.3.0/lib/gcc/8 --disable-nls --enable-checking=release --enable-languages=c,c++,objc,obj-c++,fortran --program-suffix=-8 --with-gmp=/usr/local/opt/gmp --with-mpfr=/usr/local/opt/mpfr --with-mpc=/usr/local/opt/libmpc --with-isl=/usr/local/opt/isl --with-system-zlib --with-pkgversion='Homebrew GCC 8.3.0' --with-bugurl=https://github.com/Homebrew/homebrew-core/issues --disable-multilib --with-native-system-header-dir=/usr/include --with-sysroot=/Library/Developer/CommandLineTools/SDKs/MacOSX.sdk]
  ignore line: [Thread model: posix]
  ignore line: [gcc version 8.3.0 (Homebrew GCC 8.3.0) ]
  ignore line: [COLLECT_GCC_OPTIONS='-v' '-o' 'CMakeFiles/cmTC_381fd.dir/CMakeCXXCompilerABI.cpp.o' '-c' '-mmacosx-version-min=10.14.0' '-asm_macosx_version_min=10.14' '-shared-libgcc' '-mtune=core2']
  ignore line: [ /usr/local/Cellar/gcc/8.3.0/libexec/gcc/x86_64-apple-darwin18.2.0/8.3.0/cc1plus -quiet -v -D__DYNAMIC__ /Applications/CMake.app/Contents/share/cmake-3.14/Modules/CMakeCXXCompilerABI.cpp -fPIC -quiet -dumpbase CMakeCXXCompilerABI.cpp -mmacosx-version-min=10.14.0 -mtune=core2 -auxbase-strip CMakeFiles/cmTC_381fd.dir/CMakeCXXCompilerABI.cpp.o -version -o /var/folders/qq/p87r8tls2zbfj66bs9vmrh6w0000gn/T//ccicD5WD.s]
  ignore line: [GNU C++14 (Homebrew GCC 8.3.0) version 8.3.0 (x86_64-apple-darwin18.2.0)]
  ignore line: [	compiled by GNU C version 8.3.0, GMP version 6.1.2, MPFR version 4.0.1, MPC version 1.1.0, isl version isl-0.20-GMP]
  ignore line: []
  ignore line: [GGC heuristics: --param ggc-min-expand=100 --param ggc-min-heapsize=131072]
  ignore line: [ignoring nonexistent directory "/Library/Developer/CommandLineTools/SDKs/MacOSX.sdk/usr/local/include"]
  ignore line: [ignoring nonexistent directory "/usr/local/Cellar/gcc/8.3.0/lib/gcc/8/gcc/x86_64-apple-darwin18.2.0/8.3.0/../../../../../../x86_64-apple-darwin18.2.0/include"]
  ignore line: [ignoring nonexistent directory "/Library/Developer/CommandLineTools/SDKs/MacOSX.sdk/Library/Frameworks"]
  ignore line: [#include "..." search starts here:]
  ignore line: [#include <...> search starts here:]
  ignore line: [ /usr/local/Cellar/gcc/8.3.0/lib/gcc/8/gcc/x86_64-apple-darwin18.2.0/8.3.0/../../../../../../include/c++/8.3.0]
  ignore line: [ /usr/local/Cellar/gcc/8.3.0/lib/gcc/8/gcc/x86_64-apple-darwin18.2.0/8.3.0/../../../../../../include/c++/8.3.0/x86_64-apple-darwin18.2.0]
  ignore line: [ /usr/local/Cellar/gcc/8.3.0/lib/gcc/8/gcc/x86_64-apple-darwin18.2.0/8.3.0/../../../../../../include/c++/8.3.0/backward]
  ignore line: [ /usr/local/Cellar/gcc/8.3.0/lib/gcc/8/gcc/x86_64-apple-darwin18.2.0/8.3.0/include]
  ignore line: [ /usr/local/Cellar/gcc/8.3.0/lib/gcc/8/gcc/x86_64-apple-darwin18.2.0/8.3.0/include-fixed]
  ignore line: [ /Library/Developer/CommandLineTools/SDKs/MacOSX.sdk/usr/include]
  ignore line: [ /Library/Developer/CommandLineTools/SDKs/MacOSX.sdk/System/Library/Frameworks]
  ignore line: [End of search list.]
  ignore line: [GNU C++14 (Homebrew GCC 8.3.0) version 8.3.0 (x86_64-apple-darwin18.2.0)]
  ignore line: [	compiled by GNU C version 8.3.0, GMP version 6.1.2, MPFR version 4.0.1, MPC version 1.1.0, isl version isl-0.20-GMP]
  ignore line: []
  ignore line: [GGC heuristics: --param ggc-min-expand=100 --param ggc-min-heapsize=131072]
  ignore line: [Compiler executable checksum: 6bbf747e966d3036e7e0bf7199d907bb]
  ignore line: [COLLECT_GCC_OPTIONS='-v' '-o' 'CMakeFiles/cmTC_381fd.dir/CMakeCXXCompilerABI.cpp.o' '-c' '-mmacosx-version-min=10.14.0'  '-shared-libgcc' '-mtune=core2']
  ignore line: [ as -arch x86_64 -v -force_cpusubtype_ALL -mmacosx-version-min=10.14 -o CMakeFiles/cmTC_381fd.dir/CMakeCXXCompilerABI.cpp.o /var/folders/qq/p87r8tls2zbfj66bs9vmrh6w0000gn/T//ccicD5WD.s]
  ignore line: [Apple LLVM version 9.1.0 (clang-902.0.39.2)]
  ignore line: [Target: x86_64-apple-darwin18.2.0]
  ignore line: [Thread model: posix]
  ignore line: [InstalledDir: /Library/Developer/CommandLineTools/usr/bin]
  ignore line: [ "/Library/Developer/CommandLineTools/usr/bin/clang" -cc1as -triple x86_64-apple-macosx10.14.0 -filetype obj -main-file-name ccicD5WD.s -target-cpu penryn -fdebug-compilation-dir /Users/alexandrequintart/soft/jsbsim/build/CMakeFiles/CMakeTmp -dwarf-debug-producer Apple LLVM version 9.1.0 (clang-902.0.39.2) -dwarf-version=4 -mrelocation-model pic -o CMakeFiles/cmTC_381fd.dir/CMakeCXXCompilerABI.cpp.o /var/folders/qq/p87r8tls2zbfj66bs9vmrh6w0000gn/T//ccicD5WD.s]
  ignore line: [COMPILER_PATH=/usr/local/Cellar/gcc/8.3.0/libexec/gcc/x86_64-apple-darwin18.2.0/8.3.0/:/usr/local/Cellar/gcc/8.3.0/libexec/gcc/x86_64-apple-darwin18.2.0/8.3.0/:/usr/local/Cellar/gcc/8.3.0/libexec/gcc/x86_64-apple-darwin18.2.0/:/usr/local/Cellar/gcc/8.3.0/lib/gcc/8/gcc/x86_64-apple-darwin18.2.0/8.3.0/:/usr/local/Cellar/gcc/8.3.0/lib/gcc/8/gcc/x86_64-apple-darwin18.2.0/]
  ignore line: [LIBRARY_PATH=/usr/local/Cellar/gcc/8.3.0/lib/gcc/8/gcc/x86_64-apple-darwin18.2.0/8.3.0/:/usr/local/Cellar/gcc/8.3.0/lib/gcc/8/gcc/x86_64-apple-darwin18.2.0/8.3.0/../../../]
  ignore line: [COLLECT_GCC_OPTIONS='-v' '-o' 'CMakeFiles/cmTC_381fd.dir/CMakeCXXCompilerABI.cpp.o' '-c' '-mmacosx-version-min=10.14.0'  '-shared-libgcc' '-mtune=core2']
  ignore line: [Linking CXX executable cmTC_381fd]
  ignore line: [/Applications/CMake.app/Contents/bin/cmake -E cmake_link_script CMakeFiles/cmTC_381fd.dir/link.txt --verbose=1]
  ignore line: [/usr/local/bin/g++-8    -Wl,-search_paths_first -Wl,-headerpad_max_install_names  -v -Wl,-v CMakeFiles/cmTC_381fd.dir/CMakeCXXCompilerABI.cpp.o  -o cmTC_381fd ]
  ignore line: [Using built-in specs.]
  ignore line: [COLLECT_GCC=/usr/local/bin/g++-8]
  ignore line: [COLLECT_LTO_WRAPPER=/usr/local/Cellar/gcc/8.3.0/libexec/gcc/x86_64-apple-darwin18.2.0/8.3.0/lto-wrapper]
  ignore line: [Target: x86_64-apple-darwin18.2.0]
  ignore line: [Configured with: ../configure --build=x86_64-apple-darwin18.2.0 --prefix=/usr/local/Cellar/gcc/8.3.0 --libdir=/usr/local/Cellar/gcc/8.3.0/lib/gcc/8 --disable-nls --enable-checking=release --enable-languages=c,c++,objc,obj-c++,fortran --program-suffix=-8 --with-gmp=/usr/local/opt/gmp --with-mpfr=/usr/local/opt/mpfr --with-mpc=/usr/local/opt/libmpc --with-isl=/usr/local/opt/isl --with-system-zlib --with-pkgversion='Homebrew GCC 8.3.0' --with-bugurl=https://github.com/Homebrew/homebrew-core/issues --disable-multilib --with-native-system-header-dir=/usr/include --with-sysroot=/Library/Developer/CommandLineTools/SDKs/MacOSX.sdk]
  ignore line: [Thread model: posix]
  ignore line: [gcc version 8.3.0 (Homebrew GCC 8.3.0) ]
  ignore line: [COMPILER_PATH=/usr/local/Cellar/gcc/8.3.0/libexec/gcc/x86_64-apple-darwin18.2.0/8.3.0/:/usr/local/Cellar/gcc/8.3.0/libexec/gcc/x86_64-apple-darwin18.2.0/8.3.0/:/usr/local/Cellar/gcc/8.3.0/libexec/gcc/x86_64-apple-darwin18.2.0/:/usr/local/Cellar/gcc/8.3.0/lib/gcc/8/gcc/x86_64-apple-darwin18.2.0/8.3.0/:/usr/local/Cellar/gcc/8.3.0/lib/gcc/8/gcc/x86_64-apple-darwin18.2.0/]
  ignore line: [LIBRARY_PATH=/usr/local/Cellar/gcc/8.3.0/lib/gcc/8/gcc/x86_64-apple-darwin18.2.0/8.3.0/:/usr/local/Cellar/gcc/8.3.0/lib/gcc/8/gcc/x86_64-apple-darwin18.2.0/8.3.0/../../../]
  ignore line: [COLLECT_GCC_OPTIONS='-v' '-o' 'cmTC_381fd' '-mmacosx-version-min=10.14.0' '-asm_macosx_version_min=10.14' '-shared-libgcc' '-mtune=core2']
  link line: [ /usr/local/Cellar/gcc/8.3.0/libexec/gcc/x86_64-apple-darwin18.2.0/8.3.0/collect2 -syslibroot /Library/Developer/CommandLineTools/SDKs/MacOSX.sdk/ -dynamic -arch x86_64 -macosx_version_min 10.14.0 -weak_reference_mismatches non-weak -o cmTC_381fd -L/usr/local/Cellar/gcc/8.3.0/lib/gcc/8/gcc/x86_64-apple-darwin18.2.0/8.3.0 -L/usr/local/Cellar/gcc/8.3.0/lib/gcc/8/gcc/x86_64-apple-darwin18.2.0/8.3.0/../../.. -search_paths_first -headerpad_max_install_names -v CMakeFiles/cmTC_381fd.dir/CMakeCXXCompilerABI.cpp.o -lstdc++ -no_compact_unwind -lSystem -lgcc_ext.10.5 -lgcc -lSystem -v]
    arg [/usr/local/Cellar/gcc/8.3.0/libexec/gcc/x86_64-apple-darwin18.2.0/8.3.0/collect2] ==> ignore
    arg [-syslibroot] ==> ignore
    arg [/Library/Developer/CommandLineTools/SDKs/MacOSX.sdk/] ==> ignore
    arg [-dynamic] ==> ignore
    arg [-arch] ==> ignore
    arg [x86_64] ==> ignore
    arg [-macosx_version_min] ==> ignore
    arg [10.14.0] ==> ignore
    arg [-weak_reference_mismatches] ==> ignore
    arg [non-weak] ==> ignore
    arg [-o] ==> ignore
    arg [cmTC_381fd] ==> ignore
    arg [-L/usr/local/Cellar/gcc/8.3.0/lib/gcc/8/gcc/x86_64-apple-darwin18.2.0/8.3.0] ==> dir [/usr/local/Cellar/gcc/8.3.0/lib/gcc/8/gcc/x86_64-apple-darwin18.2.0/8.3.0]
    arg [-L/usr/local/Cellar/gcc/8.3.0/lib/gcc/8/gcc/x86_64-apple-darwin18.2.0/8.3.0/../../..] ==> dir [/usr/local/Cellar/gcc/8.3.0/lib/gcc/8/gcc/x86_64-apple-darwin18.2.0/8.3.0/../../..]
    arg [-search_paths_first] ==> ignore
    arg [-headerpad_max_install_names] ==> ignore
    arg [-v] ==> ignore
    arg [CMakeFiles/cmTC_381fd.dir/CMakeCXXCompilerABI.cpp.o] ==> ignore
    arg [-lstdc++] ==> lib [stdc++]
    arg [-no_compact_unwind] ==> ignore
    arg [-lSystem] ==> lib [System]
    arg [-lgcc_ext.10.5] ==> lib [gcc_ext.10.5]
    arg [-lgcc] ==> lib [gcc]
    arg [-lSystem] ==> lib [System]
    arg [-v] ==> ignore
  Library search paths: [;/usr/local/Cellar/gcc/8.3.0/lib/gcc/8/gcc/x86_64-apple-darwin18.2.0/8.3.0;/usr/local/Cellar/gcc/8.3.0/lib/gcc/8;/Library/Developer/CommandLineTools/SDKs/MacOSX.sdk/usr/lib]
  Framework search paths: [;/Library/Developer/CommandLineTools/SDKs/MacOSX.sdk/System/Library/Frameworks/]
  remove lib [System]
  remove lib [System]
  collapse library dir [/usr/local/Cellar/gcc/8.3.0/lib/gcc/8/gcc/x86_64-apple-darwin18.2.0/8.3.0] ==> [/usr/local/Cellar/gcc/8.3.0/lib/gcc/8/gcc/x86_64-apple-darwin18.2.0/8.3.0]
  collapse library dir [/usr/local/Cellar/gcc/8.3.0/lib/gcc/8/gcc/x86_64-apple-darwin18.2.0/8.3.0/../../..] ==> [/usr/local/Cellar/gcc/8.3.0/lib/gcc/8]
  collapse library dir [/usr/local/Cellar/gcc/8.3.0/lib/gcc/8/gcc/x86_64-apple-darwin18.2.0/8.3.0] ==> [/usr/local/Cellar/gcc/8.3.0/lib/gcc/8/gcc/x86_64-apple-darwin18.2.0/8.3.0]
  collapse library dir [/usr/local/Cellar/gcc/8.3.0/lib/gcc/8] ==> [/usr/local/Cellar/gcc/8.3.0/lib/gcc/8]
  collapse library dir [/Library/Developer/CommandLineTools/SDKs/MacOSX.sdk/usr/lib] ==> [/Library/Developer/CommandLineTools/SDKs/MacOSX.sdk/usr/lib]
  collapse framework dir [/Library/Developer/CommandLineTools/SDKs/MacOSX.sdk/System/Library/Frameworks/] ==> [/Library/Developer/CommandLineTools/SDKs/MacOSX.sdk/System/Library/Frameworks]
  implicit libs: [stdc++;gcc_ext.10.5;gcc]
  implicit dirs: [/usr/local/Cellar/gcc/8.3.0/lib/gcc/8/gcc/x86_64-apple-darwin18.2.0/8.3.0;/usr/local/Cellar/gcc/8.3.0/lib/gcc/8;/Library/Developer/CommandLineTools/SDKs/MacOSX.sdk/usr/lib]
  implicit fwks: [/Library/Developer/CommandLineTools/SDKs/MacOSX.sdk/System/Library/Frameworks]




Detecting CXX [-std=c++2a] compiler features compiled with the following output:
Change Dir: /Users/alexandrequintart/soft/jsbsim/build/CMakeFiles/CMakeTmp

Run Build Command(s):/usr/bin/make cmTC_48794/fast 
/Library/Developer/CommandLineTools/usr/bin/make -f CMakeFiles/cmTC_48794.dir/build.make CMakeFiles/cmTC_48794.dir/build
Building CXX object CMakeFiles/cmTC_48794.dir/feature_tests.cxx.o
/usr/local/bin/g++-8    -std=c++2a -o CMakeFiles/cmTC_48794.dir/feature_tests.cxx.o -c /Users/alexandrequintart/soft/jsbsim/build/CMakeFiles/feature_tests.cxx
Linking CXX executable cmTC_48794
/Applications/CMake.app/Contents/bin/cmake -E cmake_link_script CMakeFiles/cmTC_48794.dir/link.txt --verbose=1
/usr/local/bin/g++-8    -Wl,-search_paths_first -Wl,-headerpad_max_install_names   CMakeFiles/cmTC_48794.dir/feature_tests.cxx.o  -o cmTC_48794 


    Feature record: CXX_FEATURE:1cxx_aggregate_default_initializers
    Feature record: CXX_FEATURE:1cxx_alias_templates
    Feature record: CXX_FEATURE:1cxx_alignas
    Feature record: CXX_FEATURE:1cxx_alignof
    Feature record: CXX_FEATURE:1cxx_attributes
    Feature record: CXX_FEATURE:1cxx_attribute_deprecated
    Feature record: CXX_FEATURE:1cxx_auto_type
    Feature record: CXX_FEATURE:1cxx_binary_literals
    Feature record: CXX_FEATURE:1cxx_constexpr
    Feature record: CXX_FEATURE:1cxx_contextual_conversions
    Feature record: CXX_FEATURE:1cxx_decltype
    Feature record: CXX_FEATURE:1cxx_decltype_auto
    Feature record: CXX_FEATURE:1cxx_decltype_incomplete_return_types
    Feature record: CXX_FEATURE:1cxx_default_function_template_args
    Feature record: CXX_FEATURE:1cxx_defaulted_functions
    Feature record: CXX_FEATURE:1cxx_defaulted_move_initializers
    Feature record: CXX_FEATURE:1cxx_delegating_constructors
    Feature record: CXX_FEATURE:1cxx_deleted_functions
    Feature record: CXX_FEATURE:1cxx_digit_separators
    Feature record: CXX_FEATURE:1cxx_enum_forward_declarations
    Feature record: CXX_FEATURE:1cxx_explicit_conversions
    Feature record: CXX_FEATURE:1cxx_extended_friend_declarations
    Feature record: CXX_FEATURE:1cxx_extern_templates
    Feature record: CXX_FEATURE:1cxx_final
    Feature record: CXX_FEATURE:1cxx_func_identifier
    Feature record: CXX_FEATURE:1cxx_generalized_initializers
    Feature record: CXX_FEATURE:1cxx_generic_lambdas
    Feature record: CXX_FEATURE:1cxx_inheriting_constructors
    Feature record: CXX_FEATURE:1cxx_inline_namespaces
    Feature record: CXX_FEATURE:1cxx_lambdas
    Feature record: CXX_FEATURE:1cxx_lambda_init_captures
    Feature record: CXX_FEATURE:1cxx_local_type_template_args
    Feature record: CXX_FEATURE:1cxx_long_long_type
    Feature record: CXX_FEATURE:1cxx_noexcept
    Feature record: CXX_FEATURE:1cxx_nonstatic_member_init
    Feature record: CXX_FEATURE:1cxx_nullptr
    Feature record: CXX_FEATURE:1cxx_override
    Feature record: CXX_FEATURE:1cxx_range_for
    Feature record: CXX_FEATURE:1cxx_raw_string_literals
    Feature record: CXX_FEATURE:1cxx_reference_qualified_functions
    Feature record: CXX_FEATURE:1cxx_relaxed_constexpr
    Feature record: CXX_FEATURE:1cxx_return_type_deduction
    Feature record: CXX_FEATURE:1cxx_right_angle_brackets
    Feature record: CXX_FEATURE:1cxx_rvalue_references
    Feature record: CXX_FEATURE:1cxx_sizeof_member
    Feature record: CXX_FEATURE:1cxx_static_assert
    Feature record: CXX_FEATURE:1cxx_strong_enums
    Feature record: CXX_FEATURE:1cxx_template_template_parameters
    Feature record: CXX_FEATURE:1cxx_thread_local
    Feature record: CXX_FEATURE:1cxx_trailing_return_types
    Feature record: CXX_FEATURE:1cxx_unicode_literals
    Feature record: CXX_FEATURE:1cxx_uniform_initialization
    Feature record: CXX_FEATURE:1cxx_unrestricted_unions
    Feature record: CXX_FEATURE:1cxx_user_literals
    Feature record: CXX_FEATURE:1cxx_variable_templates
    Feature record: CXX_FEATURE:1cxx_variadic_macros
    Feature record: CXX_FEATURE:1cxx_variadic_templates


Detecting CXX [-std=c++17] compiler features compiled with the following output:
Change Dir: /Users/alexandrequintart/soft/jsbsim/build/CMakeFiles/CMakeTmp

Run Build Command(s):/usr/bin/make cmTC_b34b9/fast 
/Library/Developer/CommandLineTools/usr/bin/make -f CMakeFiles/cmTC_b34b9.dir/build.make CMakeFiles/cmTC_b34b9.dir/build
Building CXX object CMakeFiles/cmTC_b34b9.dir/feature_tests.cxx.o
/usr/local/bin/g++-8    -std=c++17 -o CMakeFiles/cmTC_b34b9.dir/feature_tests.cxx.o -c /Users/alexandrequintart/soft/jsbsim/build/CMakeFiles/feature_tests.cxx
Linking CXX executable cmTC_b34b9
/Applications/CMake.app/Contents/bin/cmake -E cmake_link_script CMakeFiles/cmTC_b34b9.dir/link.txt --verbose=1
/usr/local/bin/g++-8    -Wl,-search_paths_first -Wl,-headerpad_max_install_names   CMakeFiles/cmTC_b34b9.dir/feature_tests.cxx.o  -o cmTC_b34b9 


    Feature record: CXX_FEATURE:1cxx_aggregate_default_initializers
    Feature record: CXX_FEATURE:1cxx_alias_templates
    Feature record: CXX_FEATURE:1cxx_alignas
    Feature record: CXX_FEATURE:1cxx_alignof
    Feature record: CXX_FEATURE:1cxx_attributes
    Feature record: CXX_FEATURE:1cxx_attribute_deprecated
    Feature record: CXX_FEATURE:1cxx_auto_type
    Feature record: CXX_FEATURE:1cxx_binary_literals
    Feature record: CXX_FEATURE:1cxx_constexpr
    Feature record: CXX_FEATURE:1cxx_contextual_conversions
    Feature record: CXX_FEATURE:1cxx_decltype
    Feature record: CXX_FEATURE:1cxx_decltype_auto
    Feature record: CXX_FEATURE:1cxx_decltype_incomplete_return_types
    Feature record: CXX_FEATURE:1cxx_default_function_template_args
    Feature record: CXX_FEATURE:1cxx_defaulted_functions
    Feature record: CXX_FEATURE:1cxx_defaulted_move_initializers
    Feature record: CXX_FEATURE:1cxx_delegating_constructors
    Feature record: CXX_FEATURE:1cxx_deleted_functions
    Feature record: CXX_FEATURE:1cxx_digit_separators
    Feature record: CXX_FEATURE:1cxx_enum_forward_declarations
    Feature record: CXX_FEATURE:1cxx_explicit_conversions
    Feature record: CXX_FEATURE:1cxx_extended_friend_declarations
    Feature record: CXX_FEATURE:1cxx_extern_templates
    Feature record: CXX_FEATURE:1cxx_final
    Feature record: CXX_FEATURE:1cxx_func_identifier
    Feature record: CXX_FEATURE:1cxx_generalized_initializers
    Feature record: CXX_FEATURE:1cxx_generic_lambdas
    Feature record: CXX_FEATURE:1cxx_inheriting_constructors
    Feature record: CXX_FEATURE:1cxx_inline_namespaces
    Feature record: CXX_FEATURE:1cxx_lambdas
    Feature record: CXX_FEATURE:1cxx_lambda_init_captures
    Feature record: CXX_FEATURE:1cxx_local_type_template_args
    Feature record: CXX_FEATURE:1cxx_long_long_type
    Feature record: CXX_FEATURE:1cxx_noexcept
    Feature record: CXX_FEATURE:1cxx_nonstatic_member_init
    Feature record: CXX_FEATURE:1cxx_nullptr
    Feature record: CXX_FEATURE:1cxx_override
    Feature record: CXX_FEATURE:1cxx_range_for
    Feature record: CXX_FEATURE:1cxx_raw_string_literals
    Feature record: CXX_FEATURE:1cxx_reference_qualified_functions
    Feature record: CXX_FEATURE:1cxx_relaxed_constexpr
    Feature record: CXX_FEATURE:1cxx_return_type_deduction
    Feature record: CXX_FEATURE:1cxx_right_angle_brackets
    Feature record: CXX_FEATURE:1cxx_rvalue_references
    Feature record: CXX_FEATURE:1cxx_sizeof_member
    Feature record: CXX_FEATURE:1cxx_static_assert
    Feature record: CXX_FEATURE:1cxx_strong_enums
    Feature record: CXX_FEATURE:1cxx_template_template_parameters
    Feature record: CXX_FEATURE:1cxx_thread_local
    Feature record: CXX_FEATURE:1cxx_trailing_return_types
    Feature record: CXX_FEATURE:1cxx_unicode_literals
    Feature record: CXX_FEATURE:1cxx_uniform_initialization
    Feature record: CXX_FEATURE:1cxx_unrestricted_unions
    Feature record: CXX_FEATURE:1cxx_user_literals
    Feature record: CXX_FEATURE:1cxx_variable_templates
    Feature record: CXX_FEATURE:1cxx_variadic_macros
    Feature record: CXX_FEATURE:1cxx_variadic_templates


Detecting CXX [-std=c++14] compiler features compiled with the following output:
Change Dir: /Users/alexandrequintart/soft/jsbsim/build/CMakeFiles/CMakeTmp

Run Build Command(s):/usr/bin/make cmTC_e4ee1/fast 
/Library/Developer/CommandLineTools/usr/bin/make -f CMakeFiles/cmTC_e4ee1.dir/build.make CMakeFiles/cmTC_e4ee1.dir/build
Building CXX object CMakeFiles/cmTC_e4ee1.dir/feature_tests.cxx.o
/usr/local/bin/g++-8    -std=c++14 -o CMakeFiles/cmTC_e4ee1.dir/feature_tests.cxx.o -c /Users/alexandrequintart/soft/jsbsim/build/CMakeFiles/feature_tests.cxx
Linking CXX executable cmTC_e4ee1
/Applications/CMake.app/Contents/bin/cmake -E cmake_link_script CMakeFiles/cmTC_e4ee1.dir/link.txt --verbose=1
/usr/local/bin/g++-8    -Wl,-search_paths_first -Wl,-headerpad_max_install_names   CMakeFiles/cmTC_e4ee1.dir/feature_tests.cxx.o  -o cmTC_e4ee1 


    Feature record: CXX_FEATURE:1cxx_aggregate_default_initializers
    Feature record: CXX_FEATURE:1cxx_alias_templates
    Feature record: CXX_FEATURE:1cxx_alignas
    Feature record: CXX_FEATURE:1cxx_alignof
    Feature record: CXX_FEATURE:1cxx_attributes
    Feature record: CXX_FEATURE:1cxx_attribute_deprecated
    Feature record: CXX_FEATURE:1cxx_auto_type
    Feature record: CXX_FEATURE:1cxx_binary_literals
    Feature record: CXX_FEATURE:1cxx_constexpr
    Feature record: CXX_FEATURE:1cxx_contextual_conversions
    Feature record: CXX_FEATURE:1cxx_decltype
    Feature record: CXX_FEATURE:1cxx_decltype_auto
    Feature record: CXX_FEATURE:1cxx_decltype_incomplete_return_types
    Feature record: CXX_FEATURE:1cxx_default_function_template_args
    Feature record: CXX_FEATURE:1cxx_defaulted_functions
    Feature record: CXX_FEATURE:1cxx_defaulted_move_initializers
    Feature record: CXX_FEATURE:1cxx_delegating_constructors
    Feature record: CXX_FEATURE:1cxx_deleted_functions
    Feature record: CXX_FEATURE:1cxx_digit_separators
    Feature record: CXX_FEATURE:1cxx_enum_forward_declarations
    Feature record: CXX_FEATURE:1cxx_explicit_conversions
    Feature record: CXX_FEATURE:1cxx_extended_friend_declarations
    Feature record: CXX_FEATURE:1cxx_extern_templates
    Feature record: CXX_FEATURE:1cxx_final
    Feature record: CXX_FEATURE:1cxx_func_identifier
    Feature record: CXX_FEATURE:1cxx_generalized_initializers
    Feature record: CXX_FEATURE:1cxx_generic_lambdas
    Feature record: CXX_FEATURE:1cxx_inheriting_constructors
    Feature record: CXX_FEATURE:1cxx_inline_namespaces
    Feature record: CXX_FEATURE:1cxx_lambdas
    Feature record: CXX_FEATURE:1cxx_lambda_init_captures
    Feature record: CXX_FEATURE:1cxx_local_type_template_args
    Feature record: CXX_FEATURE:1cxx_long_long_type
    Feature record: CXX_FEATURE:1cxx_noexcept
    Feature record: CXX_FEATURE:1cxx_nonstatic_member_init
    Feature record: CXX_FEATURE:1cxx_nullptr
    Feature record: CXX_FEATURE:1cxx_override
    Feature record: CXX_FEATURE:1cxx_range_for
    Feature record: CXX_FEATURE:1cxx_raw_string_literals
    Feature record: CXX_FEATURE:1cxx_reference_qualified_functions
    Feature record: CXX_FEATURE:1cxx_relaxed_constexpr
    Feature record: CXX_FEATURE:1cxx_return_type_deduction
    Feature record: CXX_FEATURE:1cxx_right_angle_brackets
    Feature record: CXX_FEATURE:1cxx_rvalue_references
    Feature record: CXX_FEATURE:1cxx_sizeof_member
    Feature record: CXX_FEATURE:1cxx_static_assert
    Feature record: CXX_FEATURE:1cxx_strong_enums
    Feature record: CXX_FEATURE:1cxx_template_template_parameters
    Feature record: CXX_FEATURE:1cxx_thread_local
    Feature record: CXX_FEATURE:1cxx_trailing_return_types
    Feature record: CXX_FEATURE:1cxx_unicode_literals
    Feature record: CXX_FEATURE:1cxx_uniform_initialization
    Feature record: CXX_FEATURE:1cxx_unrestricted_unions
    Feature record: CXX_FEATURE:1cxx_user_literals
    Feature record: CXX_FEATURE:1cxx_variable_templates
    Feature record: CXX_FEATURE:1cxx_variadic_macros
    Feature record: CXX_FEATURE:1cxx_variadic_templates


Detecting CXX [-std=c++11] compiler features compiled with the following output:
Change Dir: /Users/alexandrequintart/soft/jsbsim/build/CMakeFiles/CMakeTmp

Run Build Command(s):/usr/bin/make cmTC_9f210/fast 
/Library/Developer/CommandLineTools/usr/bin/make -f CMakeFiles/cmTC_9f210.dir/build.make CMakeFiles/cmTC_9f210.dir/build
Building CXX object CMakeFiles/cmTC_9f210.dir/feature_tests.cxx.o
/usr/local/bin/g++-8    -std=c++11 -o CMakeFiles/cmTC_9f210.dir/feature_tests.cxx.o -c /Users/alexandrequintart/soft/jsbsim/build/CMakeFiles/feature_tests.cxx
Linking CXX executable cmTC_9f210
/Applications/CMake.app/Contents/bin/cmake -E cmake_link_script CMakeFiles/cmTC_9f210.dir/link.txt --verbose=1
/usr/local/bin/g++-8    -Wl,-search_paths_first -Wl,-headerpad_max_install_names   CMakeFiles/cmTC_9f210.dir/feature_tests.cxx.o  -o cmTC_9f210 


    Feature record: CXX_FEATURE:0cxx_aggregate_default_initializers
    Feature record: CXX_FEATURE:1cxx_alias_templates
    Feature record: CXX_FEATURE:1cxx_alignas
    Feature record: CXX_FEATURE:1cxx_alignof
    Feature record: CXX_FEATURE:1cxx_attributes
    Feature record: CXX_FEATURE:0cxx_attribute_deprecated
    Feature record: CXX_FEATURE:1cxx_auto_type
    Feature record: CXX_FEATURE:0cxx_binary_literals
    Feature record: CXX_FEATURE:1cxx_constexpr
    Feature record: CXX_FEATURE:0cxx_contextual_conversions
    Feature record: CXX_FEATURE:1cxx_decltype
    Feature record: CXX_FEATURE:0cxx_decltype_auto
    Feature record: CXX_FEATURE:1cxx_decltype_incomplete_return_types
    Feature record: CXX_FEATURE:1cxx_default_function_template_args
    Feature record: CXX_FEATURE:1cxx_defaulted_functions
    Feature record: CXX_FEATURE:1cxx_defaulted_move_initializers
    Feature record: CXX_FEATURE:1cxx_delegating_constructors
    Feature record: CXX_FEATURE:1cxx_deleted_functions
    Feature record: CXX_FEATURE:0cxx_digit_separators
    Feature record: CXX_FEATURE:1cxx_enum_forward_declarations
    Feature record: CXX_FEATURE:1cxx_explicit_conversions
    Feature record: CXX_FEATURE:1cxx_extended_friend_declarations
    Feature record: CXX_FEATURE:1cxx_extern_templates
    Feature record: CXX_FEATURE:1cxx_final
    Feature record: CXX_FEATURE:1cxx_func_identifier
    Feature record: CXX_FEATURE:1cxx_generalized_initializers
    Feature record: CXX_FEATURE:0cxx_generic_lambdas
    Feature record: CXX_FEATURE:1cxx_inheriting_constructors
    Feature record: CXX_FEATURE:1cxx_inline_namespaces
    Feature record: CXX_FEATURE:1cxx_lambdas
    Feature record: CXX_FEATURE:0cxx_lambda_init_captures
    Feature record: CXX_FEATURE:1cxx_local_type_template_args
    Feature record: CXX_FEATURE:1cxx_long_long_type
    Feature record: CXX_FEATURE:1cxx_noexcept
    Feature record: CXX_FEATURE:1cxx_nonstatic_member_init
    Feature record: CXX_FEATURE:1cxx_nullptr
    Feature record: CXX_FEATURE:1cxx_override
    Feature record: CXX_FEATURE:1cxx_range_for
    Feature record: CXX_FEATURE:1cxx_raw_string_literals
    Feature record: CXX_FEATURE:1cxx_reference_qualified_functions
    Feature record: CXX_FEATURE:0cxx_relaxed_constexpr
    Feature record: CXX_FEATURE:0cxx_return_type_deduction
    Feature record: CXX_FEATURE:1cxx_right_angle_brackets
    Feature record: CXX_FEATURE:1cxx_rvalue_references
    Feature record: CXX_FEATURE:1cxx_sizeof_member
    Feature record: CXX_FEATURE:1cxx_static_assert
    Feature record: CXX_FEATURE:1cxx_strong_enums
    Feature record: CXX_FEATURE:1cxx_template_template_parameters
    Feature record: CXX_FEATURE:1cxx_thread_local
    Feature record: CXX_FEATURE:1cxx_trailing_return_types
    Feature record: CXX_FEATURE:1cxx_unicode_literals
    Feature record: CXX_FEATURE:1cxx_uniform_initialization
    Feature record: CXX_FEATURE:1cxx_unrestricted_unions
    Feature record: CXX_FEATURE:1cxx_user_literals
    Feature record: CXX_FEATURE:0cxx_variable_templates
    Feature record: CXX_FEATURE:1cxx_variadic_macros
    Feature record: CXX_FEATURE:1cxx_variadic_templates


Detecting CXX [-std=c++98] compiler features compiled with the following output:
Change Dir: /Users/alexandrequintart/soft/jsbsim/build/CMakeFiles/CMakeTmp

Run Build Command(s):/usr/bin/make cmTC_54926/fast 
/Library/Developer/CommandLineTools/usr/bin/make -f CMakeFiles/cmTC_54926.dir/build.make CMakeFiles/cmTC_54926.dir/build
Building CXX object CMakeFiles/cmTC_54926.dir/feature_tests.cxx.o
/usr/local/bin/g++-8    -std=c++98 -o CMakeFiles/cmTC_54926.dir/feature_tests.cxx.o -c /Users/alexandrequintart/soft/jsbsim/build/CMakeFiles/feature_tests.cxx
Linking CXX executable cmTC_54926
/Applications/CMake.app/Contents/bin/cmake -E cmake_link_script CMakeFiles/cmTC_54926.dir/link.txt --verbose=1
/usr/local/bin/g++-8    -Wl,-search_paths_first -Wl,-headerpad_max_install_names   CMakeFiles/cmTC_54926.dir/feature_tests.cxx.o  -o cmTC_54926 


    Feature record: CXX_FEATURE:0cxx_aggregate_default_initializers
    Feature record: CXX_FEATURE:0cxx_alias_templates
    Feature record: CXX_FEATURE:0cxx_alignas
    Feature record: CXX_FEATURE:0cxx_alignof
    Feature record: CXX_FEATURE:0cxx_attributes
    Feature record: CXX_FEATURE:0cxx_attribute_deprecated
    Feature record: CXX_FEATURE:0cxx_auto_type
    Feature record: CXX_FEATURE:0cxx_binary_literals
    Feature record: CXX_FEATURE:0cxx_constexpr
    Feature record: CXX_FEATURE:0cxx_contextual_conversions
    Feature record: CXX_FEATURE:0cxx_decltype
    Feature record: CXX_FEATURE:0cxx_decltype_auto
    Feature record: CXX_FEATURE:0cxx_decltype_incomplete_return_types
    Feature record: CXX_FEATURE:0cxx_default_function_template_args
    Feature record: CXX_FEATURE:0cxx_defaulted_functions
    Feature record: CXX_FEATURE:0cxx_defaulted_move_initializers
    Feature record: CXX_FEATURE:0cxx_delegating_constructors
    Feature record: CXX_FEATURE:0cxx_deleted_functions
    Feature record: CXX_FEATURE:0cxx_digit_separators
    Feature record: CXX_FEATURE:0cxx_enum_forward_declarations
    Feature record: CXX_FEATURE:0cxx_explicit_conversions
    Feature record: CXX_FEATURE:0cxx_extended_friend_declarations
    Feature record: CXX_FEATURE:0cxx_extern_templates
    Feature record: CXX_FEATURE:0cxx_final
    Feature record: CXX_FEATURE:0cxx_func_identifier
    Feature record: CXX_FEATURE:0cxx_generalized_initializers
    Feature record: CXX_FEATURE:0cxx_generic_lambdas
    Feature record: CXX_FEATURE:0cxx_inheriting_constructors
    Feature record: CXX_FEATURE:0cxx_inline_namespaces
    Feature record: CXX_FEATURE:0cxx_lambdas
    Feature record: CXX_FEATURE:0cxx_lambda_init_captures
    Feature record: CXX_FEATURE:0cxx_local_type_template_args
    Feature record: CXX_FEATURE:0cxx_long_long_type
    Feature record: CXX_FEATURE:0cxx_noexcept
    Feature record: CXX_FEATURE:0cxx_nonstatic_member_init
    Feature record: CXX_FEATURE:0cxx_nullptr
    Feature record: CXX_FEATURE:0cxx_override
    Feature record: CXX_FEATURE:0cxx_range_for
    Feature record: CXX_FEATURE:0cxx_raw_string_literals
    Feature record: CXX_FEATURE:0cxx_reference_qualified_functions
    Feature record: CXX_FEATURE:0cxx_relaxed_constexpr
    Feature record: CXX_FEATURE:0cxx_return_type_deduction
    Feature record: CXX_FEATURE:0cxx_right_angle_brackets
    Feature record: CXX_FEATURE:0cxx_rvalue_references
    Feature record: CXX_FEATURE:0cxx_sizeof_member
    Feature record: CXX_FEATURE:0cxx_static_assert
    Feature record: CXX_FEATURE:0cxx_strong_enums
    Feature record: CXX_FEATURE:1cxx_template_template_parameters
    Feature record: CXX_FEATURE:0cxx_thread_local
    Feature record: CXX_FEATURE:0cxx_trailing_return_types
    Feature record: CXX_FEATURE:0cxx_unicode_literals
    Feature record: CXX_FEATURE:0cxx_uniform_initialization
    Feature record: CXX_FEATURE:0cxx_unrestricted_unions
    Feature record: CXX_FEATURE:0cxx_user_literals
    Feature record: CXX_FEATURE:0cxx_variable_templates
    Feature record: CXX_FEATURE:0cxx_variadic_macros
    Feature record: CXX_FEATURE:0cxx_variadic_templates
